[debug] [2017-12-15T11:12:20.207Z] ----------------------------------------------------------------------
[debug] [2017-12-15T11:12:20.212Z] Command:       /Users/nitya/.nvm/versions/node/v8.1.3/bin/node /Users/nitya/.nvm/versions/node/v8.1.3/bin/firebase serve
[debug] [2017-12-15T11:12:20.212Z] CLI Version:   3.16.0
[debug] [2017-12-15T11:12:20.213Z] Platform:      darwin
[debug] [2017-12-15T11:12:20.213Z] Node Version:  v8.1.3
[debug] [2017-12-15T11:12:20.214Z] Time:          Fri Dec 15 2017 06:12:20 GMT-0500 (EST)
[debug] [2017-12-15T11:12:20.214Z] ----------------------------------------------------------------------
[debug] 
[debug] [2017-12-15T11:12:20.241Z] > command requires scopes: ["email","openid","https://www.googleapis.com/auth/cloudplatformprojects.readonly","https://www.googleapis.com/auth/firebase","https://www.googleapis.com/auth/cloud-platform"]
[debug] [2017-12-15T11:12:20.242Z] > authorizing via signed-in user
[debug] [2017-12-15T11:12:20.246Z] > refreshing access token with scopes: ["email","https://www.googleapis.com/auth/cloud-platform","https://www.googleapis.com/auth/cloudplatformprojects.readonly","https://www.googleapis.com/auth/firebase","openid"]
[debug] [2017-12-15T11:12:20.246Z] >>> HTTP REQUEST POST https://www.googleapis.com/oauth2/v3/token  
 { refresh_token: '1/goo-dN35FnGex7DU6oeH4Lja9l9m3UO_Tp_FVQ15XIw',
  client_id: '563584335869-fgrhgmd47bqnekij5i8b5pr03ho849e6.apps.googleusercontent.com',
  client_secret: 'j9iVZfS8kkCEFUPaAeJV0sAi',
  grant_type: 'refresh_token',
  scope: 'email https://www.googleapis.com/auth/cloud-platform https://www.googleapis.com/auth/cloudplatformprojects.readonly https://www.googleapis.com/auth/firebase openid' } 
 Fri Dec 15 2017 06:12:20 GMT-0500 (EST)
[debug] [2017-12-15T11:12:20.692Z] <<< HTTP RESPONSE 200
[debug] [2017-12-15T11:12:20.730Z] >>> HTTP REQUEST GET https://admin.firebase.com/v1/projects/friendly-chat-web-2018  
  
 Fri Dec 15 2017 06:12:20 GMT-0500 (EST)
[debug] [2017-12-15T11:12:21.513Z] <<< HTTP RESPONSE 200
[debug] [2017-12-15T11:12:21.515Z] >>> HTTP REQUEST GET https://admin.firebase.com/v1/database/friendly-chat-web-2018/tokens  
  
 Fri Dec 15 2017 06:12:21 GMT-0500 (EST)
[debug] [2017-12-15T11:12:23.384Z] <<< HTTP RESPONSE 200
[info] 
[info] === Serving from '/Users/nitya/TRAINING/Firebase-Camp/2018-friendly-chat-web/friendlychat-web-master/web-start'...
[info] 
[debug] [2017-12-15T11:12:23.389Z] >>> HTTP REQUEST GET https://cloudresourcemanager.googleapis.com/v1/projects/friendly-chat-web-2018  
  
 Fri Dec 15 2017 06:12:23 GMT-0500 (EST)
[debug] [2017-12-15T11:12:23.941Z] <<< HTTP RESPONSE 200
[debug] [2017-12-15T11:12:23.942Z] >>> HTTP REQUEST GET https://mobilesdk-pa.googleapis.com/v1/projects/417786836329/clients/_:getWebAppConfig  
  
 Fri Dec 15 2017 06:12:23 GMT-0500 (EST)
[debug] [2017-12-15T11:12:24.751Z] <<< HTTP RESPONSE 200
[info] i  hosting: Serving hosting files from: ./
[info] ✔  hosting: Local server: http://localhost:5000

[debug] [2017-12-15T11:18:29.993Z] Error: connect ETIMEDOUT 172.217.13.227:443
    at Object.exports._errnoException (util.js:1022:11)
    at exports._exceptionWithHostPort (util.js:1045:20)
    at TCPConnectWrap.afterConnect [as oncomplete] (net.js:1146:14)
[error] 
[error] Error: An unexpected error has occurred.
[debug] [2017-12-15T11:18:29.996Z] Error: socket hang up
    at createHangUpError (_http_client.js:344:15)
    at TLSSocket.socketCloseListener (_http_client.js:376:23)
    at emitOne (events.js:120:20)
    at TLSSocket.emit (events.js:210:7)
    at _handle.close (net.js:549:12)
    at TCP.done [as _onclose] (_tls_wrap.js:350:7)
[error] 
[error] Error: An unexpected error has occurred.
[debug] [2017-12-15T11:19:51.251Z] ----------------------------------------------------------------------
[debug] [2017-12-15T11:19:51.254Z] Command:       /Users/nitya/.nvm/versions/node/v8.1.3/bin/node /Users/nitya/.nvm/versions/node/v8.1.3/bin/firebase serve
[debug] [2017-12-15T11:19:51.254Z] CLI Version:   3.16.0
[debug] [2017-12-15T11:19:51.254Z] Platform:      darwin
[debug] [2017-12-15T11:19:51.254Z] Node Version:  v8.1.3
[debug] [2017-12-15T11:19:51.255Z] Time:          Fri Dec 15 2017 06:19:51 GMT-0500 (EST)
[debug] [2017-12-15T11:19:51.255Z] ----------------------------------------------------------------------
[debug] 
[debug] [2017-12-15T11:19:51.276Z] > command requires scopes: ["email","openid","https://www.googleapis.com/auth/cloudplatformprojects.readonly","https://www.googleapis.com/auth/firebase","https://www.googleapis.com/auth/cloud-platform"]
[debug] [2017-12-15T11:19:51.277Z] > authorizing via signed-in user
[debug] [2017-12-15T11:19:51.279Z] >>> HTTP REQUEST GET https://admin.firebase.com/v1/projects/friendly-chat-web-2018  
  
 Fri Dec 15 2017 06:19:51 GMT-0500 (EST)
[debug] [2017-12-15T11:19:54.518Z] <<< HTTP RESPONSE 200
[debug] [2017-12-15T11:19:54.520Z] >>> HTTP REQUEST GET https://admin.firebase.com/v1/database/friendly-chat-web-2018/tokens  
  
 Fri Dec 15 2017 06:19:54 GMT-0500 (EST)
[debug] [2017-12-15T11:19:55.996Z] <<< HTTP RESPONSE 200
[info] 
[info] === Serving from '/Users/nitya/TRAINING/Firebase-Camp/2018-friendly-chat-web/friendlychat-web-master/web-start'...
[info] 
[debug] [2017-12-15T11:19:56.001Z] >>> HTTP REQUEST GET https://cloudresourcemanager.googleapis.com/v1/projects/friendly-chat-web-2018  
  
 Fri Dec 15 2017 06:19:56 GMT-0500 (EST)
[debug] [2017-12-15T11:19:58.761Z] <<< HTTP RESPONSE 200
[debug] [2017-12-15T11:19:58.762Z] >>> HTTP REQUEST GET https://mobilesdk-pa.googleapis.com/v1/projects/417786836329/clients/_:getWebAppConfig  
  
 Fri Dec 15 2017 06:19:58 GMT-0500 (EST)
[debug] [2017-12-15T11:19:59.832Z] <<< HTTP RESPONSE 200
[info] i  hosting: Serving hosting files from: ./
[info] ✔  hosting: Local server: http://localhost:5000

